# JRE version: Java(TM) SE Runtime Environment (17.0.12+8) (build 17.0.12+8-LTS-286)
# Java VM: Java HotSpot(TM) 64-Bit Server VM (17.0.12+8-LTS-286, mixed mode, sharing, tiered, compressed oops, compressed class ptrs, g1 gc, windows-amd64)
GC Precious Log:
 CPUs: 8 total, 8 available
 Memory: 16165M
 Large Page Support: Disabled
 NUMA Support: Disabled
 Compressed Oops: Enabled (32-bit)
 Heap Region Size: 1M
 Heap Min Capacity: 8M
 Heap Initial Capacity: 254M
 Heap Max Capacity: 2G
 Pre-touch: Disabled
 Parallel Workers: 8
 Concurrent Workers: 2
 Concurrent Refinement Workers: 8
 Periodic GC: Disabled
Heap:
 garbage-first heap   total 214016K, used 125051K [0x0000000080000000, 0x0000000100000000)
  region size 1024K, 8 young (8192K), 6 survivors (6144K)
 Metaspace       used 87408K, committed 88576K, reserved 557056K
  class space    used 12245K, committed 12800K, reserved 425984K
GC Heap History (20 events):
Event: 120.097 GC heap before
{Heap before GC invocations=48 (full 0):
 garbage-first heap   total 147456K, used 124931K [0x0000000080000000, 0x0000000100000000)
  region size 1024K, 16 young (16384K), 1 survivors (1024K)
 Metaspace       used 85977K, committed 86976K, reserved 557056K
  class space    used 12124K, committed 12608K, reserved 425984K
}
Event: 120.103 GC heap after
{Heap after GC invocations=49 (full 0):
 garbage-first heap   total 147456K, used 112532K [0x0000000080000000, 0x0000000100000000)
  region size 1024K, 2 young (2048K), 2 survivors (2048K)
 Metaspace       used 85977K, committed 86976K, reserved 557056K
  class space    used 12124K, committed 12608K, reserved 425984K
}
Event: 120.149 GC heap before
{Heap before GC invocations=49 (full 0):
 garbage-first heap   total 147456K, used 124820K [0x0000000080000000, 0x0000000100000000)
  region size 1024K, 14 young (14336K), 2 survivors (2048K)
 Metaspace       used 85977K, committed 86976K, reserved 557056K
  class space    used 12124K, committed 12608K, reserved 425984K
}
Event: 120.154 GC heap after
{Heap after GC invocations=50 (full 0):
 garbage-first heap   total 147456K, used 113045K [0x0000000080000000, 0x0000000100000000)
  region size 1024K, 1 young (1024K), 1 survivors (1024K)
 Metaspace       used 85977K, committed 86976K, reserved 557056K
  class space    used 12124K, committed 12608K, reserved 425984K
}
Event: 120.423 GC heap before
{Heap before GC invocations=50 (full 0):
 garbage-first heap   total 147456K, used 124309K [0x0000000080000000, 0x0000000100000000)
  region size 1024K, 13 young (13312K), 1 survivors (1024K)
 Metaspace       used 86103K, committed 87104K, reserved 557056K
  class space    used 12133K, committed 12608K, reserved 425984K
}
Event: 120.425 GC heap after
{Heap after GC invocations=51 (full 0):
 garbage-first heap   total 147456K, used 113502K [0x0000000080000000, 0x0000000100000000)
  region size 1024K, 1 young (1024K), 1 survivors (1024K)
 Metaspace       used 86103K, committed 87104K, reserved 557056K
  class space    used 12133K, committed 12608K, reserved 425984K
}
Event: 120.890 GC heap before
{Heap before GC invocations=51 (full 0):
 garbage-first heap   total 147456K, used 124766K [0x0000000080000000, 0x0000000100000000)
  region size 1024K, 13 young (13312K), 1 survivors (1024K)
 Metaspace       used 86151K, committed 87232K, reserved 557056K
  class space    used 12134K, committed 12672K, reserved 425984K
}
Event: 120.894 GC heap after
{Heap after GC invocations=52 (full 0):
 garbage-first heap   total 147456K, used 115847K [0x0000000080000000, 0x0000000100000000)
  region size 1024K, 2 young (2048K), 2 survivors (2048K)
 Metaspace       used 86151K, committed 87232K, reserved 557056K
  class space    used 12134K, committed 12672K, reserved 425984K
}
Event: 121.128 GC heap before
{Heap before GC invocations=52 (full 0):
 garbage-first heap   total 147456K, used 126087K [0x0000000080000000, 0x0000000100000000)
  region size 1024K, 12 young (12288K), 2 survivors (2048K)
 Metaspace       used 86222K, committed 87296K, reserved 557056K
  class space    used 12146K, committed 12672K, reserved 425984K
}
Event: 121.132 GC heap after
{Heap after GC invocations=53 (full 0):
 garbage-first heap   total 147456K, used 116398K [0x0000000080000000, 0x0000000100000000)
  region size 1024K, 1 young (1024K), 1 survivors (1024K)
 Metaspace       used 86222K, committed 87296K, reserved 557056K
  class space    used 12146K, committed 12672K, reserved 425984K
}
Event: 121.199 GC heap before
{Heap before GC invocations=53 (full 0):
 garbage-first heap   total 147456K, used 125614K [0x0000000080000000, 0x0000000100000000)
  region size 1024K, 10 young (10240K), 1 survivors (1024K)
 Metaspace       used 86223K, committed 87296K, reserved 557056K
  class space    used 12146K, committed 12672K, reserved 425984K
}
Event: 121.202 GC heap after
{Heap after GC invocations=54 (full 0):
 garbage-first heap   total 147456K, used 116292K [0x0000000080000000, 0x0000000100000000)
  region size 1024K, 1 young (1024K), 1 survivors (1024K)
 Metaspace       used 86223K, committed 87296K, reserved 557056K
  class space    used 12146K, committed 12672K, reserved 425984K
}
Event: 121.697 GC heap before
{Heap before GC invocations=54 (full 0):
 garbage-first heap   total 147456K, used 126532K [0x0000000080000000, 0x0000000100000000)
  region size 1024K, 11 young (11264K), 1 survivors (1024K)
 Metaspace       used 86333K, committed 87424K, reserved 557056K
  class space    used 12148K, committed 12672K, reserved 425984K
}
Event: 121.700 GC heap after
{Heap after GC invocations=55 (full 0):
 garbage-first heap   total 147456K, used 116878K [0x0000000080000000, 0x0000000100000000)
  region size 1024K, 2 young (2048K), 2 survivors (2048K)
 Metaspace       used 86333K, committed 87424K, reserved 557056K
  class space    used 12148K, committed 12672K, reserved 425984K
}
Event: 122.433 GC heap before
{Heap before GC invocations=55 (full 0):
 garbage-first heap   total 147456K, used 127118K [0x0000000080000000, 0x0000000100000000)
  region size 1024K, 12 young (12288K), 2 survivors (2048K)
 Metaspace       used 86663K, committed 87744K, reserved 557056K
  class space    used 12204K, committed 12736K, reserved 425984K
}
Event: 122.439 GC heap after
{Heap after GC invocations=56 (full 0):
 garbage-first heap   total 147456K, used 118154K [0x0000000080000000, 0x0000000100000000)
  region size 1024K, 2 young (2048K), 2 survivors (2048K)
 Metaspace       used 86663K, committed 87744K, reserved 557056K
  class space    used 12204K, committed 12736K, reserved 425984K
}
Event: 122.548 GC heap before
{Heap before GC invocations=56 (full 0):
 garbage-first heap   total 147456K, used 127370K [0x0000000080000000, 0x0000000100000000)
  region size 1024K, 11 young (11264K), 2 survivors (2048K)
 Metaspace       used 86677K, committed 87744K, reserved 557056K
  class space    used 12204K, committed 12736K, reserved 425984K
}
Event: 122.554 GC heap after
{Heap after GC invocations=57 (full 0):
 garbage-first heap   total 147456K, used 118752K [0x0000000080000000, 0x0000000100000000)
  region size 1024K, 1 young (1024K), 1 survivors (1024K)
 Metaspace       used 86677K, committed 87744K, reserved 557056K
  class space    used 12204K, committed 12736K, reserved 425984K
}
Event: 122.730 GC heap before
{Heap before GC invocations=57 (full 0):
 garbage-first heap   total 147456K, used 127968K [0x0000000080000000, 0x0000000100000000)
  region size 1024K, 10 young (10240K), 1 survivors (1024K)
 Metaspace       used 86694K, committed 87808K, reserved 557056K
  class space    used 12206K, committed 12736K, reserved 425984K
}
Event: 122.733 GC heap after
{Heap after GC invocations=58 (full 0):
 garbage-first heap   total 214016K, used 118819K [0x0000000080000000, 0x0000000100000000)
  region size 1024K, 1 young (1024K), 1 survivors (1024K)
 Metaspace       used 86694K, committed 87808K, reserved 557056K
  class space    used 12206K, committed 12736K, reserved 425984K
}

