# JRE version: Java(TM) SE Runtime Environment (17.0.12+8) (build 17.0.12+8-LTS-286)
# Java VM: Java HotSpot(TM) 64-Bit Server VM (17.0.12+8-LTS-286, mixed mode, sharing, tiered, compressed oops, compressed class ptrs, g1 gc, windows-amd64)
GC Precious Log:
 CPUs: 8 total, 8 available
 Memory: 16165M
 Large Page Support: Disabled
 NUMA Support: Disabled
 Compressed Oops: Enabled (Zero based)
 Heap Region Size: 2M
 Heap Min Capacity: 8M
 Heap Initial Capacity: 254M
 Heap Max Capacity: 4G
 Pre-touch: Disabled
 Parallel Workers: 8
 Concurrent Workers: 2
 Concurrent Refinement Workers: 8
 Periodic GC: Disabled
Heap:
 garbage-first heap   total 196608K, used 136852K [0x0000000700000000, 0x0000000800000000)
  region size 2048K, 19 young (38912K), 1 survivors (2048K)
 Metaspace       used 79493K, committed 80384K, reserved 1179648K
  class space    used 11230K, committed 11648K, reserved 1048576K
GC Heap History (20 events):
Event: 90.976 GC heap before
{Heap before GC invocations=34 (full 0):
 garbage-first heap   total 120832K, used 93899K [0x0000000700000000, 0x0000000800000000)
  region size 2048K, 15 young (30720K), 3 survivors (6144K)
 Metaspace       used 66525K, committed 67392K, reserved 1114112K
  class space    used 9379K, committed 9792K, reserved 1048576K
}
Event: 90.991 GC heap after
{Heap after GC invocations=35 (full 0):
 garbage-first heap   total 120832K, used 72980K [0x0000000700000000, 0x0000000800000000)
  region size 2048K, 2 young (4096K), 2 survivors (4096K)
 Metaspace       used 66525K, committed 67392K, reserved 1114112K
  class space    used 9379K, committed 9792K, reserved 1048576K
}
Event: 91.763 GC heap before
{Heap before GC invocations=36 (full 0):
 garbage-first heap   total 131072K, used 87316K [0x0000000700000000, 0x0000000800000000)
  region size 2048K, 11 young (22528K), 2 survivors (4096K)
 Metaspace       used 66659K, committed 67520K, reserved 1114112K
  class space    used 9383K, committed 9792K, reserved 1048576K
}
Event: 91.772 GC heap after
{Heap after GC invocations=37 (full 0):
 garbage-first heap   total 131072K, used 74519K [0x0000000700000000, 0x0000000800000000)
  region size 2048K, 2 young (4096K), 2 survivors (4096K)
 Metaspace       used 66659K, committed 67520K, reserved 1114112K
  class space    used 9383K, committed 9792K, reserved 1048576K
}
Event: 92.163 GC heap before
{Heap before GC invocations=38 (full 0):
 garbage-first heap   total 137216K, used 84759K [0x0000000700000000, 0x0000000800000000)
  region size 2048K, 6 young (12288K), 2 survivors (4096K)
 Metaspace       used 67126K, committed 67968K, reserved 1114112K
  class space    used 9466K, committed 9920K, reserved 1048576K
}
Event: 92.169 GC heap after
{Heap after GC invocations=39 (full 0):
 garbage-first heap   total 137216K, used 79599K [0x0000000700000000, 0x0000000800000000)
  region size 2048K, 1 young (2048K), 1 survivors (2048K)
 Metaspace       used 67126K, committed 67968K, reserved 1114112K
  class space    used 9466K, committed 9920K, reserved 1048576K
}
Event: 93.390 GC heap before
{Heap before GC invocations=40 (full 0):
 garbage-first heap   total 157696K, used 116463K [0x0000000700000000, 0x0000000800000000)
  region size 2048K, 15 young (30720K), 1 survivors (2048K)
 Metaspace       used 69344K, committed 70208K, reserved 1114112K
  class space    used 9759K, committed 10176K, reserved 1048576K
}
Event: 93.394 GC heap after
{Heap after GC invocations=41 (full 0):
 garbage-first heap   total 157696K, used 90043K [0x0000000700000000, 0x0000000800000000)
  region size 2048K, 2 young (4096K), 2 survivors (4096K)
 Metaspace       used 69344K, committed 70208K, reserved 1114112K
  class space    used 9759K, committed 10176K, reserved 1048576K
}
Event: 94.170 GC heap before
{Heap before GC invocations=41 (full 0):
 garbage-first heap   total 157696K, used 122811K [0x0000000700000000, 0x0000000800000000)
  region size 2048K, 18 young (36864K), 2 survivors (4096K)
 Metaspace       used 70970K, committed 71872K, reserved 1114112K
  class space    used 9959K, committed 10368K, reserved 1048576K
}
Event: 94.177 GC heap after
{Heap after GC invocations=42 (full 0):
 garbage-first heap   total 157696K, used 93761K [0x0000000700000000, 0x0000000800000000)
  region size 2048K, 3 young (6144K), 3 survivors (6144K)
 Metaspace       used 70970K, committed 71872K, reserved 1114112K
  class space    used 9959K, committed 10368K, reserved 1048576K
}
Event: 96.436 GC heap before
{Heap before GC invocations=43 (full 0):
 garbage-first heap   total 163840K, used 126529K [0x0000000700000000, 0x0000000800000000)
  region size 2048K, 19 young (38912K), 3 survivors (6144K)
 Metaspace       used 72504K, committed 73408K, reserved 1114112K
  class space    used 10180K, committed 10624K, reserved 1048576K
}
Event: 96.451 GC heap after
{Heap after GC invocations=44 (full 0):
 garbage-first heap   total 196608K, used 96172K [0x0000000700000000, 0x0000000800000000)
  region size 2048K, 3 young (6144K), 3 survivors (6144K)
 Metaspace       used 72504K, committed 73408K, reserved 1114112K
  class space    used 10180K, committed 10624K, reserved 1048576K
}
Event: 96.932 GC heap before
{Heap before GC invocations=44 (full 0):
 garbage-first heap   total 196608K, used 98220K [0x0000000700000000, 0x0000000800000000)
  region size 2048K, 4 young (8192K), 3 survivors (6144K)
 Metaspace       used 72504K, committed 73408K, reserved 1114112K
  class space    used 10180K, committed 10624K, reserved 1048576K
}
Event: 96.939 GC heap after
{Heap after GC invocations=45 (full 0):
 garbage-first heap   total 196608K, used 94771K [0x0000000700000000, 0x0000000800000000)
  region size 2048K, 1 young (2048K), 1 survivors (2048K)
 Metaspace       used 72504K, committed 73408K, reserved 1114112K
  class space    used 10180K, committed 10624K, reserved 1048576K
}
Event: 100.120 GC heap before
{Heap before GC invocations=45 (full 0):
 garbage-first heap   total 196608K, used 150067K [0x0000000700000000, 0x0000000800000000)
  region size 2048K, 28 young (57344K), 1 survivors (2048K)
 Metaspace       used 75853K, committed 76736K, reserved 1179648K
  class space    used 10650K, committed 11072K, reserved 1048576K
}
Event: 100.135 GC heap after
{Heap after GC invocations=46 (full 0):
 garbage-first heap   total 196608K, used 99964K [0x0000000700000000, 0x0000000800000000)
  region size 2048K, 4 young (8192K), 4 survivors (8192K)
 Metaspace       used 75853K, committed 76736K, reserved 1179648K
  class space    used 10650K, committed 11072K, reserved 1048576K
}
Event: 102.601 GC heap before
{Heap before GC invocations=47 (full 0):
 garbage-first heap   total 196608K, used 151164K [0x0000000700000000, 0x0000000800000000)
  region size 2048K, 29 young (59392K), 4 survivors (8192K)
 Metaspace       used 78188K, committed 79104K, reserved 1179648K
  class space    used 11068K, committed 11520K, reserved 1048576K
}
Event: 102.617 GC heap after
{Heap after GC invocations=48 (full 0):
 garbage-first heap   total 196608K, used 104328K [0x0000000700000000, 0x0000000800000000)
  region size 2048K, 4 young (8192K), 4 survivors (8192K)
 Metaspace       used 78188K, committed 79104K, reserved 1179648K
  class space    used 11068K, committed 11520K, reserved 1048576K
}
Event: 103.508 GC heap before
{Heap before GC invocations=48 (full 0):
 garbage-first heap   total 196608K, used 106376K [0x0000000700000000, 0x0000000800000000)
  region size 2048K, 5 young (10240K), 4 survivors (8192K)
 Metaspace       used 78271K, committed 79168K, reserved 1179648K
  class space    used 11073K, committed 11520K, reserved 1048576K
}
Event: 103.519 GC heap after
{Heap after GC invocations=49 (full 0):
 garbage-first heap   total 196608K, used 104084K [0x0000000700000000, 0x0000000800000000)
  region size 2048K, 1 young (2048K), 1 survivors (2048K)
 Metaspace       used 78271K, committed 79168K, reserved 1179648K
  class space    used 11073K, committed 11520K, reserved 1048576K
}

