# JRE version: Java(TM) SE Runtime Environment (17.0.12+8) (build 17.0.12+8-LTS-286)
# Java VM: Java HotSpot(TM) 64-Bit Server VM (17.0.12+8-LTS-286, mixed mode, sharing, tiered, compressed oops, compressed class ptrs, g1 gc, windows-amd64)
GC Precious Log:
 CPUs: 8 total, 8 available
 Memory: 16165M
 Large Page Support: Disabled
 NUMA Support: Disabled
 Compressed Oops: Enabled (Zero based)
 Heap Region Size: 2M
 Heap Min Capacity: 8M
 Heap Initial Capacity: 254M
 Heap Max Capacity: 4042M
 Pre-touch: Disabled
 Parallel Workers: 8
 Concurrent Workers: 2
 Concurrent Refinement Workers: 8
 Periodic GC: Disabled
Heap:
 garbage-first heap   total 301056K, used 228164K [0x0000000703600000, 0x0000000800000000)
  region size 2048K, 53 young (108544K), 9 survivors (18432K)
 Metaspace       used 74075K, committed 74304K, reserved 1179648K
  class space    used 7887K, committed 8000K, reserved 1048576K
GC Heap History (20 events):
Event: 56.641 GC heap before
{Heap before GC invocations=34 (full 0):
 garbage-first heap   total 301056K, used 214416K [0x0000000703600000, 0x0000000800000000)
  region size 2048K, 60 young (122880K), 1 survivors (2048K)
 Metaspace       used 58675K, committed 58944K, reserved 1114112K
  class space    used 6778K, committed 6912K, reserved 1048576K
}
Event: 56.642 GC heap after
{Heap after GC invocations=35 (full 0):
 garbage-first heap   total 301056K, used 92486K [0x0000000703600000, 0x0000000800000000)
  region size 2048K, 1 young (2048K), 1 survivors (2048K)
 Metaspace       used 58675K, committed 58944K, reserved 1114112K
  class space    used 6778K, committed 6912K, reserved 1048576K
}
Event: 57.273 GC heap before
{Heap before GC invocations=35 (full 0):
 garbage-first heap   total 301056K, used 233798K [0x0000000703600000, 0x0000000800000000)
  region size 2048K, 70 young (143360K), 1 survivors (2048K)
 Metaspace       used 58712K, committed 59008K, reserved 1114112K
  class space    used 6778K, committed 6912K, reserved 1048576K
}
Event: 57.274 GC heap after
{Heap after GC invocations=36 (full 0):
 garbage-first heap   total 301056K, used 92334K [0x0000000703600000, 0x0000000800000000)
  region size 2048K, 1 young (2048K), 1 survivors (2048K)
 Metaspace       used 58712K, committed 59008K, reserved 1114112K
  class space    used 6778K, committed 6912K, reserved 1048576K
}
Event: 57.934 GC heap before
{Heap before GC invocations=36 (full 0):
 garbage-first heap   total 301056K, used 243886K [0x0000000703600000, 0x0000000800000000)
  region size 2048K, 75 young (153600K), 1 survivors (2048K)
 Metaspace       used 58716K, committed 59008K, reserved 1114112K
  class space    used 6778K, committed 6912K, reserved 1048576K
}
Event: 57.936 GC heap after
{Heap after GC invocations=37 (full 0):
 garbage-first heap   total 301056K, used 92276K [0x0000000703600000, 0x0000000800000000)
  region size 2048K, 1 young (2048K), 1 survivors (2048K)
 Metaspace       used 58716K, committed 59008K, reserved 1114112K
  class space    used 6778K, committed 6912K, reserved 1048576K
}
Event: 58.675 GC heap before
{Heap before GC invocations=37 (full 0):
 garbage-first heap   total 301056K, used 249972K [0x0000000703600000, 0x0000000800000000)
  region size 2048K, 78 young (159744K), 1 survivors (2048K)
 Metaspace       used 58728K, committed 59008K, reserved 1114112K
  class space    used 6778K, committed 6912K, reserved 1048576K
}
Event: 58.677 GC heap after
{Heap after GC invocations=38 (full 0):
 garbage-first heap   total 301056K, used 92199K [0x0000000703600000, 0x0000000800000000)
  region size 2048K, 1 young (2048K), 1 survivors (2048K)
 Metaspace       used 58728K, committed 59008K, reserved 1114112K
  class space    used 6778K, committed 6912K, reserved 1048576K
}
Event: 59.057 GC heap before
{Heap before GC invocations=38 (full 0):
 garbage-first heap   total 301056K, used 253991K [0x0000000703600000, 0x0000000800000000)
  region size 2048K, 80 young (163840K), 1 survivors (2048K)
 Metaspace       used 58731K, committed 59008K, reserved 1114112K
  class space    used 6778K, committed 6912K, reserved 1048576K
}
Event: 59.059 GC heap after
{Heap after GC invocations=39 (full 0):
 garbage-first heap   total 301056K, used 92207K [0x0000000703600000, 0x0000000800000000)
  region size 2048K, 1 young (2048K), 1 survivors (2048K)
 Metaspace       used 58731K, committed 59008K, reserved 1114112K
  class space    used 6778K, committed 6912K, reserved 1048576K
}
Event: 63.918 GC heap before
{Heap before GC invocations=39 (full 0):
 garbage-first heap   total 301056K, used 256047K [0x0000000703600000, 0x0000000800000000)
  region size 2048K, 81 young (165888K), 1 survivors (2048K)
 Metaspace       used 59912K, committed 60160K, reserved 1114112K
  class space    used 6860K, committed 6976K, reserved 1048576K
}
Event: 63.934 GC heap after
{Heap after GC invocations=40 (full 0):
 garbage-first heap   total 301056K, used 99956K [0x0000000703600000, 0x0000000800000000)
  region size 2048K, 4 young (8192K), 4 survivors (8192K)
 Metaspace       used 59912K, committed 60160K, reserved 1114112K
  class space    used 6860K, committed 6976K, reserved 1048576K
}
Event: 84.821 GC heap before
{Heap before GC invocations=40 (full 0):
 garbage-first heap   total 301056K, used 253556K [0x0000000703600000, 0x0000000800000000)
  region size 2048K, 79 young (161792K), 4 survivors (8192K)
 Metaspace       used 60824K, committed 61120K, reserved 1114112K
  class space    used 6901K, committed 7040K, reserved 1048576K
}
Event: 84.865 GC heap after
{Heap after GC invocations=41 (full 0):
 garbage-first heap   total 301056K, used 112408K [0x0000000703600000, 0x0000000800000000)
  region size 2048K, 10 young (20480K), 10 survivors (20480K)
 Metaspace       used 60824K, committed 61120K, reserved 1114112K
  class space    used 6901K, committed 7040K, reserved 1048576K
}
Event: 95.667 GC heap before
{Heap before GC invocations=41 (full 0):
 garbage-first heap   total 301056K, used 247576K [0x0000000703600000, 0x0000000800000000)
  region size 2048K, 76 young (155648K), 10 survivors (20480K)
 Metaspace       used 61263K, committed 61568K, reserved 1114112K
  class space    used 6914K, committed 7040K, reserved 1048576K
}
Event: 95.706 GC heap after
{Heap after GC invocations=42 (full 0):
 garbage-first heap   total 301056K, used 121162K [0x0000000703600000, 0x0000000800000000)
  region size 2048K, 5 young (10240K), 5 survivors (10240K)
 Metaspace       used 61263K, committed 61568K, reserved 1114112K
  class space    used 6914K, committed 7040K, reserved 1048576K
}
Event: 114.959 GC heap before
{Heap before GC invocations=42 (full 0):
 garbage-first heap   total 301056K, used 246090K [0x0000000703600000, 0x0000000800000000)
  region size 2048K, 66 young (135168K), 5 survivors (10240K)
 Metaspace       used 65829K, committed 66112K, reserved 1114112K
  class space    used 7226K, committed 7360K, reserved 1048576K
}
Event: 114.982 GC heap after
{Heap after GC invocations=43 (full 0):
 garbage-first heap   total 301056K, used 124288K [0x0000000703600000, 0x0000000800000000)
  region size 2048K, 6 young (12288K), 6 survivors (12288K)
 Metaspace       used 65829K, committed 66112K, reserved 1114112K
  class space    used 7226K, committed 7360K, reserved 1048576K
}
Event: 125.430 GC heap before
{Heap before GC invocations=43 (full 0):
 garbage-first heap   total 301056K, used 249216K [0x0000000703600000, 0x0000000800000000)
  region size 2048K, 67 young (137216K), 6 survivors (12288K)
 Metaspace       used 71720K, committed 72000K, reserved 1114112K
  class space    used 7743K, committed 7872K, reserved 1048576K
}
Event: 125.480 GC heap after
{Heap after GC invocations=44 (full 0):
 garbage-first heap   total 301056K, used 140100K [0x0000000703600000, 0x0000000800000000)
  region size 2048K, 9 young (18432K), 9 survivors (18432K)
 Metaspace       used 71720K, committed 72000K, reserved 1114112K
  class space    used 7743K, committed 7872K, reserved 1048576K
}

