# JRE version: Java(TM) SE Runtime Environment (17.0.12+8) (build 17.0.12+8-LTS-286)
# Java VM: Java HotSpot(TM) 64-Bit Server VM (17.0.12+8-LTS-286, mixed mode, sharing, tiered, compressed oops, compressed class ptrs, g1 gc, windows-amd64)
GC Precious Log:
 CPUs: 8 total, 8 available
 Memory: 16165M
 Large Page Support: Disabled
 NUMA Support: Disabled
 Compressed Oops: Enabled (32-bit)
 Heap Region Size: 1M
 Heap Min Capacity: 8M
 Heap Initial Capacity: 254M
 Heap Max Capacity: 2G
 Pre-touch: Disabled
 Parallel Workers: 8
 Concurrent Workers: 2
 Concurrent Refinement Workers: 8
 Periodic GC: Disabled
Heap:
 garbage-first heap   total 404480K, used 167307K [0x0000000080000000, 0x0000000100000000)
  region size 1024K, 2 young (2048K), 2 survivors (2048K)
 Metaspace       used 137072K, committed 138240K, reserved 557056K
  class space    used 17226K, committed 17792K, reserved 425984K
GC Heap History (20 events):
Event: 177.640 GC heap after
{Heap after GC invocations=83 (full 0):
 garbage-first heap   total 331776K, used 143226K [0x0000000080000000, 0x0000000100000000)
  region size 1024K, 6 young (6144K), 6 survivors (6144K)
 Metaspace       used 131200K, committed 132288K, reserved 557056K
  class space    used 16627K, committed 17152K, reserved 425984K
}
Event: 177.763 GC heap before
{Heap before GC invocations=83 (full 0):
 garbage-first heap   total 331776K, used 152442K [0x0000000080000000, 0x0000000100000000)
  region size 1024K, 16 young (16384K), 6 survivors (6144K)
 Metaspace       used 131207K, committed 132288K, reserved 557056K
  class space    used 16627K, committed 17152K, reserved 425984K
}
Event: 177.772 GC heap after
{Heap after GC invocations=84 (full 0):
 garbage-first heap   total 331776K, used 140655K [0x0000000080000000, 0x0000000100000000)
  region size 1024K, 2 young (2048K), 2 survivors (2048K)
 Metaspace       used 131207K, committed 132288K, reserved 557056K
  class space    used 16627K, committed 17152K, reserved 425984K
}
Event: 181.860 GC heap before
{Heap before GC invocations=84 (full 0):
 garbage-first heap   total 331776K, used 232815K [0x0000000080000000, 0x0000000100000000)
  region size 1024K, 93 young (95232K), 2 survivors (2048K)
 Metaspace       used 132012K, committed 133184K, reserved 557056K
  class space    used 16637K, committed 17216K, reserved 425984K
}
Event: 181.882 GC heap after
{Heap after GC invocations=85 (full 0):
 garbage-first heap   total 331776K, used 154937K [0x0000000080000000, 0x0000000100000000)
  region size 1024K, 15 young (15360K), 15 survivors (15360K)
 Metaspace       used 132012K, committed 133184K, reserved 557056K
  class space    used 16637K, committed 17216K, reserved 425984K
}
Event: 183.388 GC heap before
{Heap before GC invocations=86 (full 0):
 garbage-first heap   total 331776K, used 258361K [0x0000000080000000, 0x0000000100000000)
  region size 1024K, 120 young (122880K), 15 survivors (15360K)
 Metaspace       used 132175K, committed 133312K, reserved 557056K
  class space    used 16642K, committed 17216K, reserved 425984K
}
Event: 183.410 GC heap after
{Heap after GC invocations=87 (full 0):
 garbage-first heap   total 331776K, used 160789K [0x0000000080000000, 0x0000000100000000)
  region size 1024K, 12 young (12288K), 12 survivors (12288K)
 Metaspace       used 132175K, committed 133312K, reserved 557056K
  class space    used 16642K, committed 17216K, reserved 425984K
}
Event: 183.441 GC heap before
{Heap before GC invocations=87 (full 0):
 garbage-first heap   total 331776K, used 164885K [0x0000000080000000, 0x0000000100000000)
  region size 1024K, 16 young (16384K), 12 survivors (12288K)
 Metaspace       used 132175K, committed 133312K, reserved 557056K
  class space    used 16642K, committed 17216K, reserved 425984K
}
Event: 183.453 GC heap after
{Heap after GC invocations=88 (full 0):
 garbage-first heap   total 331776K, used 149796K [0x0000000080000000, 0x0000000100000000)
  region size 1024K, 2 young (2048K), 2 survivors (2048K)
 Metaspace       used 132175K, committed 133312K, reserved 557056K
  class space    used 16642K, committed 17216K, reserved 425984K
}
Event: 188.944 GC heap before
{Heap before GC invocations=88 (full 0):
 garbage-first heap   total 331776K, used 249124K [0x0000000080000000, 0x0000000100000000)
  region size 1024K, 100 young (102400K), 2 survivors (2048K)
 Metaspace       used 132972K, committed 134080K, reserved 557056K
  class space    used 16675K, committed 17216K, reserved 425984K
}
Event: 188.962 GC heap after
{Heap after GC invocations=89 (full 0):
 garbage-first heap   total 331776K, used 153671K [0x0000000080000000, 0x0000000100000000)
  region size 1024K, 13 young (13312K), 13 survivors (13312K)
 Metaspace       used 132972K, committed 134080K, reserved 557056K
  class space    used 16675K, committed 17216K, reserved 425984K
}
Event: 191.421 GC heap before
{Heap before GC invocations=90 (full 0):
 garbage-first heap   total 331776K, used 268359K [0x0000000080000000, 0x0000000100000000)
  region size 1024K, 118 young (120832K), 13 survivors (13312K)
 Metaspace       used 136998K, committed 138176K, reserved 557056K
  class space    used 17225K, committed 17792K, reserved 425984K
}
Event: 191.449 GC heap after
{Heap after GC invocations=91 (full 0):
 garbage-first heap   total 331776K, used 174226K [0x0000000080000000, 0x0000000100000000)
  region size 1024K, 15 young (15360K), 15 survivors (15360K)
 Metaspace       used 136998K, committed 138176K, reserved 557056K
  class space    used 17225K, committed 17792K, reserved 425984K
}
Event: 191.454 GC heap before
{Heap before GC invocations=91 (full 0):
 garbage-first heap   total 331776K, used 175250K [0x0000000080000000, 0x0000000100000000)
  region size 1024K, 16 young (16384K), 15 survivors (15360K)
 Metaspace       used 136998K, committed 138176K, reserved 557056K
  class space    used 17225K, committed 17792K, reserved 425984K
}
Event: 191.475 GC heap after
{Heap after GC invocations=92 (full 0):
 garbage-first heap   total 331776K, used 163850K [0x0000000080000000, 0x0000000100000000)
  region size 1024K, 2 young (2048K), 2 survivors (2048K)
 Metaspace       used 136998K, committed 138176K, reserved 557056K
  class space    used 17225K, committed 17792K, reserved 425984K
}
Event: 191.559 GC heap before
{Heap before GC invocations=92 (full 0):
 garbage-first heap   total 331776K, used 182282K [0x0000000080000000, 0x0000000100000000)
  region size 1024K, 21 young (21504K), 2 survivors (2048K)
 Metaspace       used 136998K, committed 138176K, reserved 557056K
  class space    used 17225K, committed 17792K, reserved 425984K
}
Event: 191.566 GC heap after
{Heap after GC invocations=93 (full 0):
 garbage-first heap   total 331776K, used 169357K [0x0000000080000000, 0x0000000100000000)
  region size 1024K, 7 young (7168K), 7 survivors (7168K)
 Metaspace       used 136998K, committed 138176K, reserved 557056K
  class space    used 17225K, committed 17792K, reserved 425984K
}
Event: 192.340 GC heap before
{Heap before GC invocations=94 (full 0):
 garbage-first heap   total 331776K, used 256397K [0x0000000080000000, 0x0000000100000000)
  region size 1024K, 87 young (89088K), 7 survivors (7168K)
 Metaspace       used 137066K, committed 138240K, reserved 557056K
  class space    used 17226K, committed 17792K, reserved 425984K
}
Event: 192.354 GC heap after
{Heap after GC invocations=95 (full 0):
 garbage-first heap   total 331776K, used 182911K [0x0000000080000000, 0x0000000100000000)
  region size 1024K, 11 young (11264K), 11 survivors (11264K)
 Metaspace       used 137066K, committed 138240K, reserved 557056K
  class space    used 17226K, committed 17792K, reserved 425984K
}
Event: 192.407 GC heap before
{Heap before GC invocations=95 (full 0):
 garbage-first heap   total 331776K, used 188031K [0x0000000080000000, 0x0000000100000000)
  region size 1024K, 16 young (16384K), 11 survivors (11264K)
 Metaspace       used 137072K, committed 138240K, reserved 557056K
  class space    used 17226K, committed 17792K, reserved 425984K
}

