# JRE version: Java(TM) SE Runtime Environment (17.0.12+8) (build 17.0.12+8-LTS-286)
# Java VM: Java HotSpot(TM) 64-Bit Server VM (17.0.12+8-LTS-286, mixed mode, sharing, tiered, compressed oops, compressed class ptrs, g1 gc, windows-amd64)
GC Precious Log:
 CPUs: 8 total, 8 available
 Memory: 16165M
 Large Page Support: Disabled
 NUMA Support: Disabled
 Compressed Oops: Enabled (Zero based)
 Heap Region Size: 2M
 Heap Min Capacity: 8M
 Heap Initial Capacity: 254M
 Heap Max Capacity: 4G
 Pre-touch: Disabled
 Parallel Workers: 8
 Concurrent Workers: 2
 Concurrent Refinement Workers: 8
 Periodic GC: Disabled
Heap:
 garbage-first heap   total 380928K, used 259872K [0x0000000700000000, 0x0000000800000000)
  region size 2048K, 66 young (135168K), 2 survivors (4096K)
 Metaspace       used 90197K, committed 91392K, reserved 983040K
  class space    used 12542K, committed 13120K, reserved 851968K
GC Heap History (20 events):
Event: 112.281 GC heap before
{Heap before GC invocations=59 (full 0):
 garbage-first heap   total 215040K, used 172560K [0x0000000700000000, 0x0000000800000000)
  region size 2048K, 29 young (59392K), 1 survivors (2048K)
 Metaspace       used 82823K, committed 83968K, reserved 983040K
  class space    used 11601K, committed 12160K, reserved 851968K
}
Event: 112.287 GC heap after
{Heap after GC invocations=60 (full 0):
 garbage-first heap   total 215040K, used 119064K [0x0000000700000000, 0x0000000800000000)
  region size 2048K, 2 young (4096K), 2 survivors (4096K)
 Metaspace       used 82823K, committed 83968K, reserved 983040K
  class space    used 11601K, committed 12160K, reserved 851968K
}
Event: 115.160 GC heap before
{Heap before GC invocations=61 (full 0):
 garbage-first heap   total 215040K, used 174360K [0x0000000700000000, 0x0000000800000000)
  region size 2048K, 30 young (61440K), 2 survivors (4096K)
 Metaspace       used 84183K, committed 85312K, reserved 983040K
  class space    used 11857K, committed 12416K, reserved 851968K
}
Event: 115.168 GC heap after
{Heap after GC invocations=62 (full 0):
 garbage-first heap   total 215040K, used 127672K [0x0000000700000000, 0x0000000800000000)
  region size 2048K, 4 young (8192K), 4 survivors (8192K)
 Metaspace       used 84183K, committed 85312K, reserved 983040K
  class space    used 11857K, committed 12416K, reserved 851968K
}
Event: 115.244 GC heap before
{Heap before GC invocations=62 (full 0):
 garbage-first heap   total 215040K, used 127672K [0x0000000700000000, 0x0000000800000000)
  region size 2048K, 5 young (10240K), 4 survivors (8192K)
 Metaspace       used 84421K, committed 85504K, reserved 983040K
  class space    used 11897K, committed 12416K, reserved 851968K
}
Event: 115.249 GC heap after
{Heap after GC invocations=63 (full 0):
 garbage-first heap   total 215040K, used 126197K [0x0000000700000000, 0x0000000800000000)
  region size 2048K, 1 young (2048K), 1 survivors (2048K)
 Metaspace       used 84421K, committed 85504K, reserved 983040K
  class space    used 11897K, committed 12416K, reserved 851968K
}
Event: 116.421 GC heap before
{Heap before GC invocations=63 (full 0):
 garbage-first heap   total 215040K, used 169205K [0x0000000700000000, 0x0000000800000000)
  region size 2048K, 22 young (45056K), 1 survivors (2048K)
 Metaspace       used 85648K, committed 86784K, reserved 983040K
  class space    used 12060K, committed 12608K, reserved 851968K
}
Event: 116.428 GC heap after
{Heap after GC invocations=64 (full 0):
 garbage-first heap   total 215040K, used 127585K [0x0000000700000000, 0x0000000800000000)
  region size 2048K, 1 young (2048K), 1 survivors (2048K)
 Metaspace       used 85648K, committed 86784K, reserved 983040K
  class space    used 12060K, committed 12608K, reserved 851968K
}
Event: 119.629 GC heap before
{Heap before GC invocations=65 (full 0):
 garbage-first heap   total 229376K, used 172641K [0x0000000700000000, 0x0000000800000000)
  region size 2048K, 24 young (49152K), 1 survivors (2048K)
 Metaspace       used 89254K, committed 90304K, reserved 983040K
  class space    used 12471K, committed 12992K, reserved 851968K
}
Event: 119.639 GC heap after
{Heap after GC invocations=66 (full 0):
 garbage-first heap   total 229376K, used 131018K [0x0000000700000000, 0x0000000800000000)
  region size 2048K, 3 young (6144K), 3 survivors (6144K)
 Metaspace       used 89254K, committed 90304K, reserved 983040K
  class space    used 12471K, committed 12992K, reserved 851968K
}
Event: 119.816 GC heap before
{Heap before GC invocations=66 (full 0):
 garbage-first heap   total 229376K, used 135114K [0x0000000700000000, 0x0000000800000000)
  region size 2048K, 5 young (10240K), 3 survivors (6144K)
 Metaspace       used 89470K, committed 90560K, reserved 983040K
  class space    used 12500K, committed 13056K, reserved 851968K
}
Event: 119.825 GC heap after
{Heap after GC invocations=67 (full 0):
 garbage-first heap   total 229376K, used 129578K [0x0000000700000000, 0x0000000800000000)
  region size 2048K, 1 young (2048K), 1 survivors (2048K)
 Metaspace       used 89470K, committed 90560K, reserved 983040K
  class space    used 12500K, committed 13056K, reserved 851968K
}
Event: 121.142 GC heap before
{Heap before GC invocations=67 (full 0):
 garbage-first heap   total 229376K, used 186922K [0x0000000700000000, 0x0000000800000000)
  region size 2048K, 29 young (59392K), 1 survivors (2048K)
 Metaspace       used 89684K, committed 90752K, reserved 983040K
  class space    used 12525K, committed 13056K, reserved 851968K
}
Event: 121.783 GC heap after
{Heap after GC invocations=68 (full 0):
 garbage-first heap   total 380928K, used 130577K [0x0000000700000000, 0x0000000800000000)
  region size 2048K, 1 young (2048K), 1 survivors (2048K)
 Metaspace       used 89684K, committed 90752K, reserved 983040K
  class space    used 12525K, committed 13056K, reserved 851968K
}
Event: 122.195 GC heap before
{Heap before GC invocations=69 (full 0):
 garbage-first heap   total 380928K, used 146961K [0x0000000700000000, 0x0000000800000000)
  region size 2048K, 9 young (18432K), 1 survivors (2048K)
 Metaspace       used 89659K, committed 90752K, reserved 983040K
  class space    used 12517K, committed 13056K, reserved 851968K
}
Event: 122.201 GC heap after
{Heap after GC invocations=70 (full 0):
 garbage-first heap   total 380928K, used 131048K [0x0000000700000000, 0x0000000800000000)
  region size 2048K, 2 young (4096K), 2 survivors (4096K)
 Metaspace       used 89659K, committed 90752K, reserved 983040K
  class space    used 12517K, committed 13056K, reserved 851968K
}
Event: 122.315 GC heap before
{Heap before GC invocations=70 (full 0):
 garbage-first heap   total 380928K, used 145384K [0x0000000700000000, 0x0000000800000000)
  region size 2048K, 9 young (18432K), 2 survivors (4096K)
 Metaspace       used 89659K, committed 90752K, reserved 983040K
  class space    used 12517K, committed 13056K, reserved 851968K
}
Event: 122.321 GC heap after
{Heap after GC invocations=71 (full 0):
 garbage-first heap   total 380928K, used 130139K [0x0000000700000000, 0x0000000800000000)
  region size 2048K, 1 young (2048K), 1 survivors (2048K)
 Metaspace       used 89659K, committed 90752K, reserved 983040K
  class space    used 12517K, committed 13056K, reserved 851968K
}
Event: 122.445 GC heap before
{Heap before GC invocations=71 (full 0):
 garbage-first heap   total 380928K, used 146523K [0x0000000700000000, 0x0000000800000000)
  region size 2048K, 9 young (18432K), 1 survivors (2048K)
 Metaspace       used 89667K, committed 90752K, reserved 983040K
  class space    used 12517K, committed 13056K, reserved 851968K
}
Event: 122.450 GC heap after
{Heap after GC invocations=72 (full 0):
 garbage-first heap   total 380928K, used 130848K [0x0000000700000000, 0x0000000800000000)
  region size 2048K, 2 young (4096K), 2 survivors (4096K)
 Metaspace       used 89667K, committed 90752K, reserved 983040K
  class space    used 12517K, committed 13056K, reserved 851968K
}

