# JRE version: Java(TM) SE Runtime Environment (17.0.12+8) (build 17.0.12+8-LTS-286)
# Java VM: Java HotSpot(TM) 64-Bit Server VM (17.0.12+8-LTS-286, mixed mode, sharing, tiered, compressed oops, compressed class ptrs, g1 gc, windows-amd64)
GC Precious Log:
 CPUs: 8 total, 8 available
 Memory: 16165M
 Large Page Support: Disabled
 NUMA Support: Disabled
 Compressed Oops: Enabled (Zero based)
 Heap Region Size: 4M
 Heap Min Capacity: 8M
 Heap Initial Capacity: 256M
 Heap Max Capacity: 8G
 Pre-touch: Disabled
 Parallel Workers: 8
 Concurrent Workers: 2
 Concurrent Refinement Workers: 8
 Periodic GC: Disabled
Heap:
 garbage-first heap   total 1560576K, used 963475K [0x0000000600000000, 0x0000000800000000)
  region size 4096K, 118 young (483328K), 11 survivors (45056K)
 Metaspace       used 170477K, committed 173184K, reserved 1245184K
  class space    used 22288K, committed 23488K, reserved 1048576K
GC Heap History (20 events):
Event: 391.740 GC heap before
{Heap before GC invocations=107 (full 0):
 garbage-first heap   total 1560576K, used 1259779K [0x0000000600000000, 0x0000000800000000)
  region size 4096K, 228 young (933888K), 19 survivors (77824K)
 Metaspace       used 138512K, committed 140544K, reserved 1179648K
  class space    used 18957K, committed 19840K, reserved 1048576K
}
Event: 391.826 GC heap after
{Heap after GC invocations=108 (full 0):
 garbage-first heap   total 1560576K, used 417766K [0x0000000600000000, 0x0000000800000000)
  region size 4096K, 11 young (45056K), 11 survivors (45056K)
 Metaspace       used 138512K, committed 140544K, reserved 1179648K
  class space    used 18957K, committed 19840K, reserved 1048576K
}
Event: 396.864 GC heap before
{Heap before GC invocations=108 (full 0):
 garbage-first heap   total 1560576K, used 1306598K [0x0000000600000000, 0x0000000800000000)
  region size 4096K, 228 young (933888K), 11 survivors (45056K)
 Metaspace       used 138518K, committed 140544K, reserved 1179648K
  class space    used 18957K, committed 19840K, reserved 1048576K
}
Event: 396.911 GC heap after
{Heap after GC invocations=109 (full 0):
 garbage-first heap   total 1560576K, used 422300K [0x0000000600000000, 0x0000000800000000)
  region size 4096K, 12 young (49152K), 12 survivors (49152K)
 Metaspace       used 138518K, committed 140544K, reserved 1179648K
  class space    used 18957K, committed 19840K, reserved 1048576K
}
Event: 403.476 GC heap before
{Heap before GC invocations=109 (full 0):
 garbage-first heap   total 1560576K, used 1307036K [0x0000000600000000, 0x0000000800000000)
  region size 4096K, 228 young (933888K), 12 survivors (49152K)
 Metaspace       used 138519K, committed 140544K, reserved 1179648K
  class space    used 18957K, committed 19840K, reserved 1048576K
}
Event: 403.503 GC heap after
{Heap after GC invocations=110 (full 0):
 garbage-first heap   total 1560576K, used 419204K [0x0000000600000000, 0x0000000800000000)
  region size 4096K, 11 young (45056K), 11 survivors (45056K)
 Metaspace       used 138519K, committed 140544K, reserved 1179648K
  class space    used 18957K, committed 19840K, reserved 1048576K
}
Event: 429.092 GC heap before
{Heap before GC invocations=110 (full 0):
 garbage-first heap   total 1560576K, used 1308036K [0x0000000600000000, 0x0000000800000000)
  region size 4096K, 228 young (933888K), 11 survivors (45056K)
 Metaspace       used 142369K, committed 144512K, reserved 1179648K
  class space    used 19406K, committed 20352K, reserved 1048576K
}
Event: 429.213 GC heap after
{Heap after GC invocations=111 (full 0):
 garbage-first heap   total 1560576K, used 466292K [0x0000000600000000, 0x0000000800000000)
  region size 4096K, 23 young (94208K), 23 survivors (94208K)
 Metaspace       used 142369K, committed 144512K, reserved 1179648K
  class space    used 19406K, committed 20352K, reserved 1048576K
}
Event: 449.218 GC heap before
{Heap before GC invocations=111 (full 0):
 garbage-first heap   total 1560576K, used 1297780K [0x0000000600000000, 0x0000000800000000)
  region size 4096K, 227 young (929792K), 23 survivors (94208K)
 Metaspace       used 144813K, committed 147200K, reserved 1179648K
  class space    used 19705K, committed 20736K, reserved 1048576K
}
Event: 449.359 GC heap after
{Heap after GC invocations=112 (full 0):
 garbage-first heap   total 1560576K, used 499079K [0x0000000600000000, 0x0000000800000000)
  region size 4096K, 24 young (98304K), 24 survivors (98304K)
 Metaspace       used 144813K, committed 147200K, reserved 1179648K
  class space    used 19705K, committed 20736K, reserved 1048576K
}
Event: 722.779 GC heap before
{Heap before GC invocations=112 (full 0):
 garbage-first heap   total 1560576K, used 1293703K [0x0000000600000000, 0x0000000800000000)
  region size 4096K, 219 young (897024K), 24 survivors (98304K)
 Metaspace       used 147469K, committed 150016K, reserved 1179648K
  class space    used 19974K, committed 21056K, reserved 1048576K
}
Event: 722.887 GC heap after
{Heap after GC invocations=113 (full 0):
 garbage-first heap   total 1560576K, used 506858K [0x0000000600000000, 0x0000000800000000)
  region size 4096K, 11 young (45056K), 11 survivors (45056K)
 Metaspace       used 147469K, committed 150016K, reserved 1179648K
  class space    used 19974K, committed 21056K, reserved 1048576K
}
Event: 868.596 GC heap before
{Heap before GC invocations=113 (full 0):
 garbage-first heap   total 1560576K, used 1342442K [0x0000000600000000, 0x0000000800000000)
  region size 4096K, 208 young (851968K), 11 survivors (45056K)
 Metaspace       used 154722K, committed 157312K, reserved 1245184K
  class space    used 20699K, committed 21824K, reserved 1048576K
}
Event: 868.683 GC heap after
{Heap after GC invocations=114 (full 0):
 garbage-first heap   total 1560576K, used 529097K [0x0000000600000000, 0x0000000800000000)
  region size 4096K, 17 young (69632K), 17 survivors (69632K)
 Metaspace       used 154722K, committed 157312K, reserved 1245184K
  class space    used 20699K, committed 21824K, reserved 1048576K
}
Event: 902.250 GC heap before
{Heap before GC invocations=114 (full 0):
 garbage-first heap   total 1560576K, used 1307337K [0x0000000600000000, 0x0000000800000000)
  region size 4096K, 208 young (851968K), 17 survivors (69632K)
 Metaspace       used 159620K, committed 162176K, reserved 1245184K
  class space    used 21168K, committed 22272K, reserved 1048576K
}
Event: 902.304 GC heap after
{Heap after GC invocations=115 (full 0):
 garbage-first heap   total 1560576K, used 523423K [0x0000000600000000, 0x0000000800000000)
  region size 4096K, 8 young (32768K), 8 survivors (32768K)
 Metaspace       used 159620K, committed 162176K, reserved 1245184K
  class space    used 21168K, committed 22272K, reserved 1048576K
}
Event: 907.449 GC heap before
{Heap before GC invocations=115 (full 0):
 garbage-first heap   total 1560576K, used 1318047K [0x0000000600000000, 0x0000000800000000)
  region size 4096K, 203 young (831488K), 8 survivors (32768K)
 Metaspace       used 164646K, committed 167168K, reserved 1245184K
  class space    used 21564K, committed 22656K, reserved 1048576K
}
Event: 907.507 GC heap after
{Heap after GC invocations=116 (full 0):
 garbage-first heap   total 1560576K, used 530270K [0x0000000600000000, 0x0000000800000000)
  region size 4096K, 10 young (40960K), 10 survivors (40960K)
 Metaspace       used 164646K, committed 167168K, reserved 1245184K
  class space    used 21564K, committed 22656K, reserved 1048576K
}
Event: 939.306 GC heap before
{Heap before GC invocations=116 (full 0):
 garbage-first heap   total 1560576K, used 1324894K [0x0000000600000000, 0x0000000800000000)
  region size 4096K, 205 young (839680K), 10 survivors (40960K)
 Metaspace       used 168672K, committed 171392K, reserved 1245184K
  class space    used 22081K, committed 23296K, reserved 1048576K
}
Event: 939.358 GC heap after
{Heap after GC invocations=117 (full 0):
 garbage-first heap   total 1560576K, used 533395K [0x0000000600000000, 0x0000000800000000)
  region size 4096K, 11 young (45056K), 11 survivors (45056K)
 Metaspace       used 168672K, committed 171392K, reserved 1245184K
  class space    used 22081K, committed 23296K, reserved 1048576K
}

