# JRE version: Java(TM) SE Runtime Environment (17.0.12+8) (build 17.0.12+8-LTS-286)
# Java VM: Java HotSpot(TM) 64-Bit Server VM (17.0.12+8-LTS-286, mixed mode, sharing, tiered, compressed oops, compressed class ptrs, g1 gc, windows-amd64)
GC Precious Log:
 CPUs: 8 total, 8 available
 Memory: 16165M
 Large Page Support: Disabled
 NUMA Support: Disabled
 Compressed Oops: Enabled (Zero based)
 Heap Region Size: 2M
 Heap Min Capacity: 8M
 Heap Initial Capacity: 254M
 Heap Max Capacity: 4G
 Pre-touch: Disabled
 Parallel Workers: 8
 Concurrent Workers: 2
 Concurrent Refinement Workers: 8
 Periodic GC: Disabled
Heap:
 garbage-first heap   total 485376K, used 299364K [0x0000000700000000, 0x0000000800000000)
  region size 2048K, 15 young (30720K), 7 survivors (14336K)
 Metaspace       used 128945K, committed 130816K, reserved 1179648K
  class space    used 17822K, committed 18624K, reserved 1048576K
GC Heap History (20 events):
Event: 256.786 GC heap before
{Heap before GC invocations=76 (full 0):
 garbage-first heap   total 485376K, used 415199K [0x0000000700000000, 0x0000000800000000)
  region size 2048K, 72 young (147456K), 5 survivors (10240K)
 Metaspace       used 128719K, committed 130560K, reserved 1179648K
  class space    used 17820K, committed 18624K, reserved 1048576K
}
Event: 256.796 GC heap after
{Heap after GC invocations=77 (full 0):
 garbage-first heap   total 485376K, used 275173K [0x0000000700000000, 0x0000000800000000)
  region size 2048K, 3 young (6144K), 3 survivors (6144K)
 Metaspace       used 128719K, committed 130560K, reserved 1179648K
  class space    used 17820K, committed 18624K, reserved 1048576K
}
Event: 258.869 GC heap before
{Heap before GC invocations=77 (full 0):
 garbage-first heap   total 485376K, used 416485K [0x0000000700000000, 0x0000000800000000)
  region size 2048K, 73 young (149504K), 3 survivors (6144K)
 Metaspace       used 128739K, committed 130624K, reserved 1179648K
  class space    used 17820K, committed 18624K, reserved 1048576K
}
Event: 258.878 GC heap after
{Heap after GC invocations=78 (full 0):
 garbage-first heap   total 485376K, used 276003K [0x0000000700000000, 0x0000000800000000)
  region size 2048K, 4 young (8192K), 4 survivors (8192K)
 Metaspace       used 128739K, committed 130624K, reserved 1179648K
  class space    used 17820K, committed 18624K, reserved 1048576K
}
Event: 260.571 GC heap before
{Heap before GC invocations=78 (full 0):
 garbage-first heap   total 485376K, used 417315K [0x0000000700000000, 0x0000000800000000)
  region size 2048K, 74 young (151552K), 4 survivors (8192K)
 Metaspace       used 128824K, committed 130688K, reserved 1179648K
  class space    used 17821K, committed 18624K, reserved 1048576K
}
Event: 260.581 GC heap after
{Heap after GC invocations=79 (full 0):
 garbage-first heap   total 485376K, used 277221K [0x0000000700000000, 0x0000000800000000)
  region size 2048K, 4 young (8192K), 4 survivors (8192K)
 Metaspace       used 128824K, committed 130688K, reserved 1179648K
  class space    used 17821K, committed 18624K, reserved 1048576K
}
Event: 261.992 GC heap before
{Heap before GC invocations=79 (full 0):
 garbage-first heap   total 485376K, used 418533K [0x0000000700000000, 0x0000000800000000)
  region size 2048K, 74 young (151552K), 4 survivors (8192K)
 Metaspace       used 128831K, committed 130688K, reserved 1179648K
  class space    used 17822K, committed 18624K, reserved 1048576K
}
Event: 262.007 GC heap after
{Heap after GC invocations=80 (full 0):
 garbage-first heap   total 485376K, used 280043K [0x0000000700000000, 0x0000000800000000)
  region size 2048K, 6 young (12288K), 6 survivors (12288K)
 Metaspace       used 128831K, committed 130688K, reserved 1179648K
  class space    used 17822K, committed 18624K, reserved 1048576K
}
Event: 262.455 GC heap before
{Heap before GC invocations=80 (full 0):
 garbage-first heap   total 485376K, used 417259K [0x0000000700000000, 0x0000000800000000)
  region size 2048K, 74 young (151552K), 6 survivors (12288K)
 Metaspace       used 128836K, committed 130688K, reserved 1179648K
  class space    used 17822K, committed 18624K, reserved 1048576K
}
Event: 262.468 GC heap after
{Heap after GC invocations=81 (full 0):
 garbage-first heap   total 485376K, used 281576K [0x0000000700000000, 0x0000000800000000)
  region size 2048K, 6 young (12288K), 6 survivors (12288K)
 Metaspace       used 128836K, committed 130688K, reserved 1179648K
  class space    used 17822K, committed 18624K, reserved 1048576K
}
Event: 263.178 GC heap before
{Heap before GC invocations=81 (full 0):
 garbage-first heap   total 485376K, used 422888K [0x0000000700000000, 0x0000000800000000)
  region size 2048K, 75 young (153600K), 6 survivors (12288K)
 Metaspace       used 128843K, committed 130688K, reserved 1179648K
  class space    used 17822K, committed 18624K, reserved 1048576K
}
Event: 263.192 GC heap after
{Heap after GC invocations=82 (full 0):
 garbage-first heap   total 485376K, used 281425K [0x0000000700000000, 0x0000000800000000)
  region size 2048K, 5 young (10240K), 5 survivors (10240K)
 Metaspace       used 128843K, committed 130688K, reserved 1179648K
  class space    used 17822K, committed 18624K, reserved 1048576K
}
Event: 264.680 GC heap before
{Heap before GC invocations=82 (full 0):
 garbage-first heap   total 485376K, used 422737K [0x0000000700000000, 0x0000000800000000)
  region size 2048K, 75 young (153600K), 5 survivors (10240K)
 Metaspace       used 128879K, committed 130752K, reserved 1179648K
  class space    used 17822K, committed 18624K, reserved 1048576K
}
Event: 264.698 GC heap after
{Heap after GC invocations=83 (full 0):
 garbage-first heap   total 485376K, used 280646K [0x0000000700000000, 0x0000000800000000)
  region size 2048K, 5 young (10240K), 5 survivors (10240K)
 Metaspace       used 128879K, committed 130752K, reserved 1179648K
  class space    used 17822K, committed 18624K, reserved 1048576K
}
Event: 265.740 GC heap before
{Heap before GC invocations=83 (full 0):
 garbage-first heap   total 485376K, used 421958K [0x0000000700000000, 0x0000000800000000)
  region size 2048K, 75 young (153600K), 5 survivors (10240K)
 Metaspace       used 128895K, committed 130752K, reserved 1179648K
  class space    used 17822K, committed 18624K, reserved 1048576K
}
Event: 265.753 GC heap after
{Heap after GC invocations=84 (full 0):
 garbage-first heap   total 485376K, used 280821K [0x0000000700000000, 0x0000000800000000)
  region size 2048K, 5 young (10240K), 5 survivors (10240K)
 Metaspace       used 128895K, committed 130752K, reserved 1179648K
  class space    used 17822K, committed 18624K, reserved 1048576K
}
Event: 267.593 GC heap before
{Heap before GC invocations=84 (full 0):
 garbage-first heap   total 485376K, used 422133K [0x0000000700000000, 0x0000000800000000)
  region size 2048K, 75 young (153600K), 5 survivors (10240K)
 Metaspace       used 128904K, committed 130816K, reserved 1179648K
  class space    used 17822K, committed 18624K, reserved 1048576K
}
Event: 267.609 GC heap after
{Heap after GC invocations=85 (full 0):
 garbage-first heap   total 485376K, used 281624K [0x0000000700000000, 0x0000000800000000)
  region size 2048K, 6 young (12288K), 6 survivors (12288K)
 Metaspace       used 128904K, committed 130816K, reserved 1179648K
  class space    used 17822K, committed 18624K, reserved 1048576K
}
Event: 269.261 GC heap before
{Heap before GC invocations=85 (full 0):
 garbage-first heap   total 485376K, used 418840K [0x0000000700000000, 0x0000000800000000)
  region size 2048K, 74 young (151552K), 6 survivors (12288K)
 Metaspace       used 128943K, committed 130816K, reserved 1179648K
  class space    used 17822K, committed 18624K, reserved 1048576K
}
Event: 269.277 GC heap after
{Heap after GC invocations=86 (full 0):
 garbage-first heap   total 485376K, used 281425K [0x0000000700000000, 0x0000000800000000)
  region size 2048K, 5 young (10240K), 5 survivors (10240K)
 Metaspace       used 128943K, committed 130816K, reserved 1179648K
  class space    used 17822K, committed 18624K, reserved 1048576K
}

